# JRE version: Java(TM) SE Runtime Environment (11.0.5+10) (build 11.0.5+10-LTS)
# Java VM: Java HotSpot(TM) 64-Bit Server VM (11.0.5+10-LTS, mixed mode, tiered, compressed oops, g1 gc, windows-amd64)
Heap:
 garbage-first heap   total 260096K, used 80811K [0x0000000703200000, 0x0000000800000000)
  region size 1024K, 75 young (76800K), 18 survivors (18432K)
 Metaspace       used 48539K, capacity 49436K, committed 49712K, reserved 1093632K
  class space    used 5102K, capacity 5385K, committed 5504K, reserved 1048576K
GC Heap History (10 events):
Event: 3.438 GC heap before
{Heap before GC invocations=3 (full 0):
 garbage-first heap   total 260096K, used 72962K [0x0000000703200000, 0x0000000800000000)
  region size 1024K, 71 young (72704K), 6 survivors (6144K)
 Metaspace       used 22818K, capacity 23321K, committed 23472K, reserved 1071104K
  class space    used 2363K, capacity 2494K, committed 2560K, reserved 1048576K
}
Event: 3.445 GC heap after
{Heap after GC invocations=4 (full 0):
 garbage-first heap   total 260096K, used 9815K [0x0000000703200000, 0x0000000800000000)
  region size 1024K, 7 young (7168K), 7 survivors (7168K)
 Metaspace       used 22818K, capacity 23321K, committed 23472K, reserved 1071104K
  class space    used 2363K, capacity 2494K, committed 2560K, reserved 1048576K
}
Event: 5.042 GC heap before
{Heap before GC invocations=4 (full 0):
 garbage-first heap   total 260096K, used 98903K [0x0000000703200000, 0x0000000800000000)
  region size 1024K, 94 young (96256K), 7 survivors (7168K)
 Metaspace       used 31797K, capacity 32573K, committed 32816K, reserved 1079296K
  class space    used 3329K, capacity 3585K, committed 3712K, reserved 1048576K
}
Event: 5.052 GC heap after
{Heap after GC invocations=5 (full 0):
 garbage-first heap   total 260096K, used 15953K [0x0000000703200000, 0x0000000800000000)
  region size 1024K, 12 young (12288K), 12 survivors (12288K)
 Metaspace       used 31797K, capacity 32573K, committed 32816K, reserved 1079296K
  class space    used 3329K, capacity 3585K, committed 3712K, reserved 1048576K
}
Event: 5.478 GC heap before
{Heap before GC invocations=5 (full 0):
 garbage-first heap   total 260096K, used 159313K [0x0000000703200000, 0x0000000800000000)
  region size 1024K, 152 young (155648K), 12 survivors (12288K)
 Metaspace       used 31881K, capacity 32638K, committed 32816K, reserved 1079296K
  class space    used 3330K, capacity 3585K, committed 3712K, reserved 1048576K
}
Event: 5.486 GC heap after
{Heap after GC invocations=6 (full 0):
 garbage-first heap   total 260096K, used 16739K [0x0000000703200000, 0x0000000800000000)
  region size 1024K, 11 young (11264K), 11 survivors (11264K)
 Metaspace       used 31881K, capacity 32638K, committed 32816K, reserved 1079296K
  class space    used 3330K, capacity 3585K, committed 3712K, reserved 1048576K
}
Event: 5.835 GC heap before
{Heap before GC invocations=6 (full 0):
 garbage-first heap   total 260096K, used 161123K [0x0000000703200000, 0x0000000800000000)
  region size 1024K, 152 young (155648K), 11 survivors (11264K)
 Metaspace       used 31893K, capacity 32702K, committed 33072K, reserved 1079296K
  class space    used 3330K, capacity 3585K, committed 3712K, reserved 1048576K
}
Event: 5.840 GC heap after
{Heap after GC invocations=7 (full 0):
 garbage-first heap   total 260096K, used 16411K [0x0000000703200000, 0x0000000800000000)
  region size 1024K, 10 young (10240K), 10 survivors (10240K)
 Metaspace       used 31893K, capacity 32702K, committed 33072K, reserved 1079296K
  class space    used 3330K, capacity 3585K, committed 3712K, reserved 1048576K
}
Event: 16.928 GC heap before
{Heap before GC invocations=7 (full 0):
 garbage-first heap   total 260096K, used 100379K [0x0000000703200000, 0x0000000800000000)
  region size 1024K, 93 young (95232K), 10 survivors (10240K)
 Metaspace       used 34813K, capacity 35672K, committed 35888K, reserved 1081344K
  class space    used 3660K, capacity 3959K, committed 3968K, reserved 1048576K
}
Event: 16.938 GC heap after
{Heap after GC invocations=8 (full 0):
 garbage-first heap   total 260096K, used 24491K [0x0000000703200000, 0x0000000800000000)
  region size 1024K, 18 young (18432K), 18 survivors (18432K)
 Metaspace       used 34813K, capacity 35672K, committed 35888K, reserved 1081344K
  class space    used 3660K, capacity 3959K, committed 3968K, reserved 1048576K
}

